<?xml version="1.0" encoding="UTF-8"?>
<testsuite xmlns:xsi="http://www.w3.org/2001/XMLSchema-instance" xsi:noNamespaceSchemaLocation="https://maven.apache.org/surefire/maven-surefire-plugin/xsd/surefire-test-report-3.0.xsd" version="3.0" name="com.dzone.albanoj2.maven.java.AdderTest" time="0.16" tests="9" errors="0" skipped="0" failures="0">
  <properties>
[...]
</properties>
  <testcase name="whenAddFirstPositiveSecondNegative_ThenSumIsCorrect" classname="com.dzone.albanoj2.maven.java.AdderTest" time="0.065"/>
  <testcase name="whenAddFirstZeroSecondPositive_ThenSumIsEqualToSecond" classname="com.dzone.albanoj2.maven.java.AdderTest" time="0.003"/>
  <testcase name="whenTwoPositives_ThenSumIsCorrect" classname="com.dzone.albanoj2.maven.java.AdderTest" time="0.002"/>
  <testcase name="whenAddFirstZeroSecondNegative_ThenSumIsEqualToSecond" classname="com.dzone.albanoj2.maven.java.AdderTest" time="0.004"/>
  <testcase name="whenAddFirstPositiveSecondZero_ThenSumIsEqualToFirst" classname="com.dzone.albanoj2.maven.java.AdderTest" time="0.005"/>
  <testcase name="whenAddFirstNegativeSecondPositive_ThenSumIsCorrect" classname="com.dzone.albanoj2.maven.java.AdderTest" time="0.002"/>
  <testcase name="whenAddTwoZeros_ThenSumIsZero" classname="com.dzone.albanoj2.maven.java.AdderTest" time="0.003"/>
  <testcase name="whenAddFirstNegativeSecondZero_ThenSumIsEqualToFirst" classname="com.dzone.albanoj2.maven.java.AdderTest" time="0.001"/>
  <testcase name="whenTwoNegatives_ThenSumIsCorrect" classname="com.dzone.albanoj2.maven.java.AdderTest" time="0.002"/>
</testsuite>